{
  message: 'Произошла ошибка: TypeError: User.findOne is not a function',
  level: 'error',
  timestamp: '2024-04-17T10:24:04.962Z'
}
{
  message: 'Произошла ошибка: TypeError: User.findOne is not a function',
  level: 'error',
  timestamp: '2024-04-17T10:24:09.358Z'
}
{
  message: 'Произошла ошибка: TypeError: User.findOne is not a function',
  level: 'error',
  timestamp: '2024-04-17T10:24:21.293Z'
}
{
  message: 'Произошла ошибка: TypeError: User.findOne is not a function',
  level: 'error',
  timestamp: '2024-04-17T10:24:22.277Z'
}
{
  message: 'Произошла ошибка: TypeError: User.findOne is not a function',
  level: 'error',
  timestamp: '2024-04-17T10:24:30.058Z'
}
